<?xml version="1.0" encoding="UTF-8"?>
<!-- Generated by org.testng.reporters.JUnitReportReporter -->
<testsuite hostname="Kani" failures="0" tests="1" name="TestRunner.CucumberTestRunner" time="6.465" errors="0" timestamp="2024-09-12T20:14:01 IST" skipped="0">
  <testcase classname="TestRunner.CucumberTestRunner" name="runScenario" time="6.465"/>
</testsuite> <!-- TestRunner.CucumberTestRunner -->
