<?xml version="1.0" encoding="UTF-8"?>
<!-- Generated by org.testng.reporters.JUnitReportReporter -->
<testsuite hostname="Kani" failures="0" tests="1" name="TestRunner.CucumberTestRunner" time="14.764" errors="0" timestamp="2024-09-12T20:05:56 IST" skipped="0">
  <testcase classname="TestRunner.CucumberTestRunner" name="runScenario" time="14.764"/>
</testsuite> <!-- TestRunner.CucumberTestRunner -->
