<?xml version="1.0" encoding="UTF-8"?>
<!-- Generated by org.testng.reporters.JUnitReportReporter -->
<testsuite hostname="Kani" failures="0" tests="1" name="TestRunner.CucumberTestRunner" time="13.015" errors="0" timestamp="2024-09-13T15:54:15 IST" skipped="0">
  <testcase classname="TestRunner.CucumberTestRunner" name="runScenario" time="13.015"/>
</testsuite> <!-- TestRunner.CucumberTestRunner -->
